<?xml version="1.0" encoding="UTF-8"?>
<testsuite xmlns:xsi="http://www.w3.org/2001/XMLSchema-instance" xsi:noNamespaceSchemaLocation="https://maven.apache.org/surefire/maven-surefire-plugin/xsd/surefire-test-report.xsd" name="value_iteration.AppTest" time="0.052" tests="1" errors="0" skipped="0" failures="0">
  <properties>
    <property name="gopherProxySet" value="false"/>
    <property name="awt.toolkit" value="sun.lwawt.macosx.LWCToolkit"/>
    <property name="java.specification.version" value="11"/>
    <property name="sun.cpu.isalist" value=""/>
    <property name="sun.jnu.encoding" value="UTF-8"/>
    <property name="java.class.path" value="/Users/zhangtong/Documents/Courses/CSC421/AS4/AS4B/value_iteration/target/test-classes:/Users/zhangtong/Documents/Courses/CSC421/AS4/AS4B/value_iteration/target/classes:/Users/zhangtong/.m2/repository/org/openjfx/javafx-fxml/16-ea+5/javafx-fxml-16-ea+5.jar:/Users/zhangtong/.m2/repository/org/openjfx/javafx-fxml/16-ea+5/javafx-fxml-16-ea+5-mac.jar:/Users/zhangtong/.m2/repository/org/openjfx/javafx-controls/16-ea+5/javafx-controls-16-ea+5.jar:/Users/zhangtong/.m2/repository/org/openjfx/javafx-controls/16-ea+5/javafx-controls-16-ea+5-mac.jar:/Users/zhangtong/.m2/repository/org/openjfx/javafx-graphics/16-ea+5/javafx-graphics-16-ea+5.jar:/Users/zhangtong/.m2/repository/org/openjfx/javafx-graphics/16-ea+5/javafx-graphics-16-ea+5-mac.jar:/Users/zhangtong/.m2/repository/org/openjfx/javafx-base/16-ea+5/javafx-base-16-ea+5.jar:/Users/zhangtong/.m2/repository/org/openjfx/javafx-base/16-ea+5/javafx-base-16-ea+5-mac.jar:/Users/zhangtong/.m2/repository/junit/junit/4.11/junit-4.11.jar:/Users/zhangtong/.m2/repository/org/hamcrest/hamcrest-core/1.3/hamcrest-core-1.3.jar:"/>
    <property name="java.vm.vendor" value="Oracle Corporation"/>
    <property name="sun.arch.data.model" value="64"/>
    <property name="java.vendor.url" value="http://java.oracle.com/"/>
    <property name="user.timezone" value=""/>
    <property name="java.vm.specification.version" value="11"/>
    <property name="os.name" value="Mac OS X"/>
    <property name="sun.java.launcher" value="SUN_STANDARD"/>
    <property name="user.country" value="CA"/>
    <property name="sun.boot.library.path" value="/Library/Java/JavaVirtualMachines/jdk-11.jdk/Contents/Home/lib"/>
    <property name="sun.java.command" value="/Users/zhangtong/Documents/Courses/CSC421/AS4/AS4B/value_iteration/target/surefire/surefirebooter7242011453729420631.jar /Users/zhangtong/Documents/Courses/CSC421/AS4/AS4B/value_iteration/target/surefire 2020-12-14T10-27-33_903-jvmRun1 surefire16375216914772280691tmp surefire_08742197673211821441tmp"/>
    <property name="jdk.debug" value="release"/>
    <property name="surefire.test.class.path" value="/Users/zhangtong/Documents/Courses/CSC421/AS4/AS4B/value_iteration/target/test-classes:/Users/zhangtong/Documents/Courses/CSC421/AS4/AS4B/value_iteration/target/classes:/Users/zhangtong/.m2/repository/org/openjfx/javafx-fxml/16-ea+5/javafx-fxml-16-ea+5.jar:/Users/zhangtong/.m2/repository/org/openjfx/javafx-fxml/16-ea+5/javafx-fxml-16-ea+5-mac.jar:/Users/zhangtong/.m2/repository/org/openjfx/javafx-controls/16-ea+5/javafx-controls-16-ea+5.jar:/Users/zhangtong/.m2/repository/org/openjfx/javafx-controls/16-ea+5/javafx-controls-16-ea+5-mac.jar:/Users/zhangtong/.m2/repository/org/openjfx/javafx-graphics/16-ea+5/javafx-graphics-16-ea+5.jar:/Users/zhangtong/.m2/repository/org/openjfx/javafx-graphics/16-ea+5/javafx-graphics-16-ea+5-mac.jar:/Users/zhangtong/.m2/repository/org/openjfx/javafx-base/16-ea+5/javafx-base-16-ea+5.jar:/Users/zhangtong/.m2/repository/org/openjfx/javafx-base/16-ea+5/javafx-base-16-ea+5-mac.jar:/Users/zhangtong/.m2/repository/junit/junit/4.11/junit-4.11.jar:/Users/zhangtong/.m2/repository/org/hamcrest/hamcrest-core/1.3/hamcrest-core-1.3.jar:"/>
    <property name="sun.cpu.endian" value="little"/>
    <property name="user.home" value="/Users/zhangtong"/>
    <property name="user.language" value="en"/>
    <property name="java.specification.vendor" value="Oracle Corporation"/>
    <property name="java.version.date" value="2018-09-25"/>
    <property name="java.home" value="/Library/Java/JavaVirtualMachines/jdk-11.jdk/Contents/Home"/>
    <property name="file.separator" value="/"/>
    <property name="basedir" value="/Users/zhangtong/Documents/Courses/CSC421/AS4/AS4B/value_iteration"/>
    <property name="java.vm.compressedOopsMode" value="Zero based"/>
    <property name="line.separator" value="&#10;"/>
    <property name="java.specification.name" value="Java Platform API Specification"/>
    <property name="java.vm.specification.vendor" value="Oracle Corporation"/>
    <property name="java.awt.graphicsenv" value="sun.awt.CGraphicsEnvironment"/>
    <property name="surefire.real.class.path" value="/Users/zhangtong/Documents/Courses/CSC421/AS4/AS4B/value_iteration/target/surefire/surefirebooter7242011453729420631.jar"/>
    <property name="sun.management.compiler" value="HotSpot 64-Bit Tiered Compilers"/>
    <property name="java.runtime.version" value="11+28"/>
    <property name="user.name" value="tongzhang"/>
    <property name="path.separator" value=":"/>
    <property name="os.version" value="10.15.5"/>
    <property name="java.runtime.name" value="Java(TM) SE Runtime Environment"/>
    <property name="file.encoding" value="UTF-8"/>
    <property name="java.vm.name" value="Java HotSpot(TM) 64-Bit Server VM"/>
    <property name="java.vendor.version" value="18.9"/>
    <property name="localRepository" value="/Users/zhangtong/.m2/repository"/>
    <property name="java.vendor.url.bug" value="http://bugreport.java.com/bugreport/"/>
    <property name="java.io.tmpdir" value="/var/folders/26/pqn_mrhn29s6c2_4sg2jjk4m0000gn/T/"/>
    <property name="java.version" value="11"/>
    <property name="user.dir" value="/Users/zhangtong/Documents/Courses/CSC421/AS4/AS4B/value_iteration"/>
    <property name="os.arch" value="x86_64"/>
    <property name="java.vm.specification.name" value="Java Virtual Machine Specification"/>
    <property name="java.awt.printerjob" value="sun.lwawt.macosx.CPrinterJob"/>
    <property name="sun.os.patch.level" value="unknown"/>
    <property name="java.library.path" value="/Users/zhangtong/Library/Java/Extensions:/Library/Java/Extensions:/Network/Library/Java/Extensions:/System/Library/Java/Extensions:/usr/lib/java:."/>
    <property name="java.vendor" value="Oracle Corporation"/>
    <property name="java.vm.info" value="mixed mode"/>
    <property name="java.vm.version" value="11+28"/>
    <property name="sun.io.unicode.encoding" value="UnicodeBig"/>
    <property name="java.class.version" value="55.0"/>
  </properties>
  <testcase name="shouldAnswerWithTrue" classname="value_iteration.AppTest" time="0.001"/>
</testsuite>